<?xml version="1.0" encoding="UTF-8"?>
<!-- Generated by org.testng.reporters.JUnitReportReporter -->
<testsuite hostname="DESKTOP-QI6H2EA" failures="0" tests="1" name="testcases.TestC" time="2.996" errors="0" timestamp="2023-07-17T10:59:44 IST" skipped="0">
  <testcase classname="testcases.TestC" name="tesCAse" time="2.996"/>
</testsuite> <!-- testcases.TestC -->
