<?xml version="1.0" encoding="UTF-8"?>
<!-- Generated by org.testng.reporters.JUnitReportReporter -->
<testsuite hostname="DESKTOP-QI6H2EA" failures="0" tests="1" name="testcase.LoginWithValidData" time="3.113" errors="0" timestamp="2023-07-27T18:40:41 IST" skipped="0">
  <testcase classname="testcase.LoginWithValidData" name="validData" time="3.113"/>
</testsuite> <!-- testcase.LoginWithValidData -->
